#
# An unexpected error has occurred (11)
#
Stack:
/home/it/Xilinx/Vivado/Vivado/2019.1/tps/lnx64/jre9.0.4/lib//server/libjvm.so(+0xb6aadb) [0x73696f96aadb]
/home/it/Xilinx/Vivado/Vivado/2019.1/tps/lnx64/jre9.0.4/lib//server/libjvm.so(JVM_handle_linux_signal+0xbb) [0x73696f96fe1b]
/home/it/Xilinx/Vivado/Vivado/2019.1/tps/lnx64/jre9.0.4/lib//server/libjvm.so(+0xb647b8) [0x73696f9647b8]
/lib/x86_64-linux-gnu/libc.so.6(+0x45330) [0x7369bd645330]
/home/it/Xilinx/Vivado/Vivado/2019.1/lib/lnx64.o/librdi_simbridge_kernel.so(SimBridge::CArray::empty() const+0) [0x736975c567b0]
/home/it/Xilinx/Vivado/Vivado/2019.1/lib/lnx64.o/librdi_simbridge_kernel.so(SimBridge::WdbEventBlock::addBlock(SimBridge::WdbIBlockManager&, unsigned int&) const+0x1e) [0x736975c56e8e]
/home/it/Xilinx/Vivado/Vivado/2019.1/lib/lnx64.o/librdi_simbridge_kernel.so(SimBridge::WdbMultipleBucketEventDatabase::getEventBlockDatabaseIterator(std::vector<SimBridge::WdbScalarBTree*, std::allocator<SimBridge::WdbScalarBTree*> > const&, std::vector<boost::shared_ptr<SimBridge::WdbIEventBlockIterator>, std::allocator<boost::shared_ptr<SimBridge::WdbIEventBlockIterator> > >&, std::vector<std::vector<SimBridge::WdbScalarBTree*, std::allocator<SimBridge::WdbScalarBTree*> >, std::allocator<std::vector<SimBridge::WdbScalarBTree*, std::allocator<SimBridge::WdbScalarBTree*> > > >&) const+0x691) [0x736975c70391]
/home/it/Xilinx/Vivado/Vivado/2019.1/lib/lnx64.o/librdi_simbridge_kernel.so(SimBridge::WdbAddressBTreeManager::scanWdbDatabaseMultiThread(std::vector<SimBridge::WdbScalarBTree*, std::allocator<SimBridge::WdbScalarBTree*> > const&, ISIM::IGuiStatus*)+0xc4) [0x736975c4de14]
/home/it/Xilinx/Vivado/Vivado/2019.1/lib/lnx64.o/librdi_wavedata.so(SimBridge::DataObjMgr::createDrawingBTree(std::vector<SimBridge::IDataObj const*, std::allocator<SimBridge::IDataObj const*> > const&, ISIM::IGuiStatus*, bool)+0x32a) [0x73698041f23a]
/home/it/Xilinx/Vivado/Vivado/2019.1/lib/lnx64.o/librdi_wavedata.so(+0x2d9342) [0x7369804d9342]
/home/it/Xilinx/Vivado/Vivado/2019.1/lib/lnx64.o/librdi_wavedata.so(+0x2d95ec) [0x7369804d95ec]
/home/it/Xilinx/Vivado/Vivado/2019.1/lib/lnx64.o/librdi_wavedata.so(SG_Model::SGBuilderImp::addDataObj(SG_Model::WVDataObject*, std::__cxx11::basic_string<char, std::char_traits<char>, std::allocator<char> > const&, int)+0x1b9) [0x7369804a49d9]
/home/it/Xilinx/Vivado/Vivado/2019.1/lib/lnx64.o/librdi_wavedata.so(SG_Model::SGBuilder::processStartElement(std::__cxx11::basic_string<char, std::char_traits<char>, std::allocator<char> > const&, xercesc_3_1::AttributeList*)+0x699) [0x7369804a58d9]
/home/it/Xilinx/Vivado/Vivado/2019.1/lib/lnx64.o/librdi_wavedata.so(SG_Model::SAXHandlers::startElement(unsigned short const*, xercesc_3_1::AttributeList&)+0x131) [0x7369804dc7e1]
/home/it/Xilinx/Vivado/Vivado/2019.1/lib/lnx64.o/libxerces-c-3.1.so(xercesc_3_1::SAXParser::startElement(xercesc_3_1::XMLElementDecl const&, unsigned int, unsigned short const*, xercesc_3_1::RefVectorOf<xercesc_3_1::XMLAttr> const&, unsigned long, bool, bool)+0x146) [0x7369b74170f6]
/home/it/Xilinx/Vivado/Vivado/2019.1/lib/lnx64.o/libxerces-c-3.1.so(xercesc_3_1::IGXMLScanner::scanStartTag(bool&)+0x9f9) [0x7369b73b5149]
/home/it/Xilinx/Vivado/Vivado/2019.1/lib/lnx64.o/libxerces-c-3.1.so(xercesc_3_1::IGXMLScanner::scanContent()+0x1b5) [0x7369b73b9f95]
/home/it/Xilinx/Vivado/Vivado/2019.1/lib/lnx64.o/libxerces-c-3.1.so(xercesc_3_1::IGXMLScanner::scanDocument(xercesc_3_1::InputSource const&)+0xb0) [0x7369b73ba0b0]
/home/it/Xilinx/Vivado/Vivado/2019.1/lib/lnx64.o/libxerces-c-3.1.so(xercesc_3_1::XMLScanner::scanDocument(unsigned short const*)+0x136) [0x7369b73e7056]
/home/it/Xilinx/Vivado/Vivado/2019.1/lib/lnx64.o/libxerces-c-3.1.so(xercesc_3_1::XMLScanner::scanDocument(char const*)+0x32) [0x7369b73e7382]
/home/it/Xilinx/Vivado/Vivado/2019.1/lib/lnx64.o/libxerces-c-3.1.so(xercesc_3_1::SAXParser::parse(char const*)+0x38) [0x7369b7418358]
/home/it/Xilinx/Vivado/Vivado/2019.1/lib/lnx64.o/librdi_wavedata.so(SG_Model::SGReader::readConfigurationFile(char const*, SG_Model::IBuilder&, SG_Model::IReporter&)+0x96) [0x7369804e07c6]
/home/it/Xilinx/Vivado/Vivado/2019.1/lib/lnx64.o/librdi_wavedata.so(SG_Model::Model::read(std::__cxx11::basic_string<char, std::char_traits<char>, std::allocator<char> > const&, SG_Model::IReporter&, ISIM::IGuiStatus*)+0xe3) [0x7369804d5a03]
/home/it/Xilinx/Vivado/Vivado/2019.1/lib/lnx64.o/librdi_wavedata.so(WVDAppInterface::WVDWindowManager::openWcfg(std::__cxx11::basic_string<char, std::char_traits<char>, std::allocator<char> > const&, SG_Model::IDesignManager::ConnectMode, ISIM::IGuiStatus*)+0x143) [0x7369803a2e73]
/home/it/Xilinx/Vivado/Vivado/2019.1/lib/lnx64.o/librdi_wavedatatasks.so(+0xa30d3) [0x736936ea30d3]
/home/it/Xilinx/Vivado/Vivado/2019.1/lib/lnx64.o/librdi_common.so(+0x8068e2) [0x7369bee068e2]
/home/it/Xilinx/Vivado/Vivado/2019.1/lib/lnx64.o/libtcl8.5.so(+0x334af) [0x7369b78334af]
/home/it/Xilinx/Vivado/Vivado/2019.1/lib/lnx64.o/libtcl8.5.so(Tcl_EvalObjv+0x32) [0x7369b78335e2]
/home/it/Xilinx/Vivado/Vivado/2019.1/lib/lnx64.o/libtcl8.5.so(TclEvalObjEx+0x322) [0x7369b7835402]
/home/it/Xilinx/Vivado/Vivado/2019.1/lib/lnx64.o/librdi_common.so(hdi::tcltasks::task_manager::eval_in_tcl(Tcl_Interp*, Tcl_Obj*, char const*, bool)+0xab9) [0x7369bee08719]
/home/it/Xilinx/Vivado/Vivado/2019.1/lib/lnx64.o/librdi_simtcltasks.so(+0x13b572) [0x73693733b572]
/home/it/Xilinx/Vivado/Vivado/2019.1/lib/lnx64.o/librdi_common.so(+0x8068e2) [0x7369bee068e2]
/home/it/Xilinx/Vivado/Vivado/2019.1/lib/lnx64.o/libtcl8.5.so(+0x334af) [0x7369b78334af]
/home/it/Xilinx/Vivado/Vivado/2019.1/lib/lnx64.o/libtcl8.5.so(+0x34b38) [0x7369b7834b38]
/home/it/Xilinx/Vivado/Vivado/2019.1/lib/lnx64.o/libtcl8.5.so(Tcl_EvalEx+0x13) [0x7369b78350a3]
/home/it/Xilinx/Vivado/Vivado/2019.1/lib/lnx64.o/libtcl8.5.so(TclEvalObjEx+0x1e0) [0x7369b78352c0]
/home/it/Xilinx/Vivado/Vivado/2019.1/lib/lnx64.o/libtcl8.5.so(+0x3b375) [0x7369b783b375]
/home/it/Xilinx/Vivado/Vivado/2019.1/lib/lnx64.o/libtcl8.5.so(+0x334af) [0x7369b78334af]
/home/it/Xilinx/Vivado/Vivado/2019.1/lib/lnx64.o/libtcl8.5.so(+0x76875) [0x7369b7876875]
/home/it/Xilinx/Vivado/Vivado/2019.1/lib/lnx64.o/libtcl8.5.so(+0x7e029) [0x7369b787e029]
/home/it/Xilinx/Vivado/Vivado/2019.1/lib/lnx64.o/libtcl8.5.so(TclEvalObjEx+0x76) [0x7369b7835156]
/home/it/Xilinx/Vivado/Vivado/2019.1/lib/lnx64.o/librdi_commontasks.so(+0x1ebcc4) [0x7369b17ebcc4]
/home/it/Xilinx/Vivado/Vivado/2019.1/lib/lnx64.o/libtcl8.5.so(+0x334af) [0x7369b78334af]
/home/it/Xilinx/Vivado/Vivado/2019.1/lib/lnx64.o/libtcl8.5.so(+0x76875) [0x7369b7876875]
/home/it/Xilinx/Vivado/Vivado/2019.1/lib/lnx64.o/libtcl8.5.so(TclObjInterpProcCore+0x420) [0x7369b78b7df0]
/home/it/Xilinx/Vivado/Vivado/2019.1/lib/lnx64.o/libtcl8.5.so(+0x334af) [0x7369b78334af]
/home/it/Xilinx/Vivado/Vivado/2019.1/lib/lnx64.o/libtcl8.5.so(Tcl_EvalObjv+0x32) [0x7369b78335e2]
/home/it/Xilinx/Vivado/Vivado/2019.1/lib/lnx64.o/libtcl8.5.so(TclEvalObjEx+0x322) [0x7369b7835402]
/home/it/Xilinx/Vivado/Vivado/2019.1/lib/lnx64.o/librdi_tcltasks.so(SimUtils::detail::execStep(Tcl_Interp*, std::__cxx11::basic_ostringstream<char, std::char_traits<char>, std::allocator<char> >&, std::__cxx11::basic_string<char, std::char_traits<char>, std::allocator<char> > const&, std::__cxx11::basic_string<char, std::char_traits<char>, std::allocator<char> >&, bool&)+0x9b) [0x7369af2e5a6b]
/home/it/Xilinx/Vivado/Vivado/2019.1/lib/lnx64.o/librdi_tcltasks.so(SimUtils::detail::execSimStep(Tcl_Interp*, std::__cxx11::basic_ostringstream<char, std::char_traits<char>, std::allocator<char> >&, HAPUFSimulator*, HAPUFSimulator::TclProc, std::__cxx11::basic_string<char, std::char_traits<char>, std::allocator<char> > const&, bool, HADAFileSet*, std::__cxx11::basic_string<char, std::char_traits<char>, std::allocator<char> > const&, HAPUFSimulator::SimulationStep, HDGUIStatus*)+0x63) [0x7369af2e8903]
/home/it/Xilinx/Vivado/Vivado/2019.1/lib/lnx64.o/librdi_tcltasks.so(HTCSimUtils::executeStep(Tcl_Interp*, HADAFileSet*, HADAFileSet*, HAPUFSimulator*, HDGUIStatus*, std::__cxx11::basic_string<char, std::char_traits<char>, std::allocator<char> > const&, std::__cxx11::basic_string<char, std::char_traits<char>, std::allocator<char> > const&, std::__cxx11::basic_string<char, std::char_traits<char>, std::allocator<char> > const&, bool, bool, bool, std::__cxx11::basic_ostringstream<char, std::char_traits<char>, std::allocator<char> >&)+0x4bb) [0x7369af2e98eb]
/home/it/Xilinx/Vivado/Vivado/2019.1/lib/lnx64.o/librdi_tcltasks.so(+0x1694ba2) [0x7369af294ba2]
/home/it/Xilinx/Vivado/Vivado/2019.1/lib/lnx64.o/librdi_common.so(+0x8068e2) [0x7369bee068e2]
/home/it/Xilinx/Vivado/Vivado/2019.1/lib/lnx64.o/libtcl8.5.so(+0x334af) [0x7369b78334af]
/home/it/Xilinx/Vivado/Vivado/2019.1/lib/lnx64.o/libtcl8.5.so(+0x76875) [0x7369b7876875]
/home/it/Xilinx/Vivado/Vivado/2019.1/lib/lnx64.o/libtcl8.5.so(+0x7e029) [0x7369b787e029]
/home/it/Xilinx/Vivado/Vivado/2019.1/lib/lnx64.o/libtcl8.5.so(TclEvalObjEx+0x76) [0x7369b7835156]
/home/it/Xilinx/Vivado/Vivado/2019.1/lib/lnx64.o/librdi_common.so(+0x804df1) [0x7369bee04df1]
/home/it/Xilinx/Vivado/Vivado/2019.1/lib/lnx64.o/libtcl8.5.so(Tcl_ServiceEvent+0x7f) [0x7369b78a7b0f]
/home/it/Xilinx/Vivado/Vivado/2019.1/lib/lnx64.o/libtcl8.5.so(Tcl_DoOneEvent+0x154) [0x7369b78a7e44]
/home/it/Xilinx/Vivado/Vivado/2019.1/lib/lnx64.o/librdi_commontasks.so(+0x231625) [0x7369b1831625]
/home/it/Xilinx/Vivado/Vivado/2019.1/lib/lnx64.o/librdi_commontasks.so(+0x23b163) [0x7369b183b163]
/home/it/Xilinx/Vivado/Vivado/2019.1/lib/lnx64.o/librdi_commontasks.so(+0x23c1fe) [0x7369b183c1fe]
/home/it/Xilinx/Vivado/Vivado/2019.1/lib/lnx64.o/librdi_common.so(+0x8068e2) [0x7369bee068e2]
/home/it/Xilinx/Vivado/Vivado/2019.1/lib/lnx64.o/libtcl8.5.so(+0x334af) [0x7369b78334af]
/home/it/Xilinx/Vivado/Vivado/2019.1/lib/lnx64.o/libtcl8.5.so(+0x76875) [0x7369b7876875]
/home/it/Xilinx/Vivado/Vivado/2019.1/lib/lnx64.o/libtcl8.5.so(+0x7e029) [0x7369b787e029]
/home/it/Xilinx/Vivado/Vivado/2019.1/lib/lnx64.o/libtcl8.5.so(TclEvalObjEx+0x76) [0x7369b7835156]
/home/it/Xilinx/Vivado/Vivado/2019.1/lib/lnx64.o/librdi_commonmain.so(+0x7424) [0x7369be207424]
/home/it/Xilinx/Vivado/Vivado/2019.1/lib/lnx64.o/libtcl8.5.so(Tcl_Main+0x1d0) [0x7369b78a0210]
/home/it/Xilinx/Vivado/Vivado/2019.1/lib/lnx64.o/librdi_common.so(+0x84ac9b) [0x7369bee4ac9b]
/lib/x86_64-linux-gnu/libc.so.6(+0x9caa4) [0x7369bd69caa4]
/lib/x86_64-linux-gnu/libc.so.6(+0x129c3c) [0x7369bd729c3c]
