#
# An unexpected error has occurred (11)
#
Stack:
/home/abdu/Xilinx/Vivado/Vivado/2019.1/tps/lnx64/jre9.0.4/lib//server/libjvm.so(+0xb6aadb) [0x7fc32236aadb]
/home/abdu/Xilinx/Vivado/Vivado/2019.1/tps/lnx64/jre9.0.4/lib//server/libjvm.so(JVM_handle_linux_signal+0xbb) [0x7fc32236fe1b]
/home/abdu/Xilinx/Vivado/Vivado/2019.1/tps/lnx64/jre9.0.4/lib//server/libjvm.so(+0xb647b8) [0x7fc3223647b8]
/lib/x86_64-linux-gnu/libc.so.6(+0x45330) [0x7fc370a33330]
/home/abdu/Xilinx/Vivado/Vivado/2019.1/lib/lnx64.o/librdi_simbridge_kernel.so(SimBridge::CArray::empty() const+0) [0x7fc3296567b0]
/home/abdu/Xilinx/Vivado/Vivado/2019.1/lib/lnx64.o/librdi_simbridge_kernel.so(SimBridge::WdbEventBlock::addBlock(SimBridge::WdbIBlockManager&, unsigned int&) const+0x1e) [0x7fc329656e8e]
/home/abdu/Xilinx/Vivado/Vivado/2019.1/lib/lnx64.o/librdi_simbridge_kernel.so(SimBridge::WdbMultipleBucketEventDatabase::getEventBlockDatabaseIterator(std::vector<SimBridge::WdbScalarBTree*, std::allocator<SimBridge::WdbScalarBTree*> > const&, std::vector<boost::shared_ptr<SimBridge::WdbIEventBlockIterator>, std::allocator<boost::shared_ptr<SimBridge::WdbIEventBlockIterator> > >&, std::vector<std::vector<SimBridge::WdbScalarBTree*, std::allocator<SimBridge::WdbScalarBTree*> >, std::allocator<std::vector<SimBridge::WdbScalarBTree*, std::allocator<SimBridge::WdbScalarBTree*> > > >&) const+0x691) [0x7fc329670391]
/home/abdu/Xilinx/Vivado/Vivado/2019.1/lib/lnx64.o/librdi_simbridge_kernel.so(SimBridge::WdbAddressBTreeManager::scanWdbDatabaseMultiThread(std::vector<SimBridge::WdbScalarBTree*, std::allocator<SimBridge::WdbScalarBTree*> > const&, ISIM::IGuiStatus*)+0xc4) [0x7fc32964de14]
/home/abdu/Xilinx/Vivado/Vivado/2019.1/lib/lnx64.o/librdi_wavedata.so(SimBridge::DataObjMgr::createDrawingBTree(std::vector<SimBridge::IDataObj const*, std::allocator<SimBridge::IDataObj const*> > const&, ISIM::IGuiStatus*, bool)+0x32a) [0x7fc333e1f23a]
/home/abdu/Xilinx/Vivado/Vivado/2019.1/lib/lnx64.o/librdi_wavedata.so(+0x2d9342) [0x7fc333ed9342]
/home/abdu/Xilinx/Vivado/Vivado/2019.1/lib/lnx64.o/librdi_wavedata.so(+0x2d95ec) [0x7fc333ed95ec]
/home/abdu/Xilinx/Vivado/Vivado/2019.1/lib/lnx64.o/librdi_wavedata.so(SG_Model::ModelImp::updateData(SG_Model::WVDataObject*, bool)+0x30f) [0x7fc333ed365f]
/home/abdu/Xilinx/Vivado/Vivado/2019.1/lib/lnx64.o/librdi_wavedata.so(SG_Model::ModelImp::updateData(SG_Model::WVDataObject*, bool)+0x18f) [0x7fc333ed34df]
/home/abdu/Xilinx/Vivado/Vivado/2019.1/lib/lnx64.o/librdi_wavedata.so(SG_Model::ModelImp::updateData(SG_Model::WVDataObject*, bool)+0x18f) [0x7fc333ed34df]
/home/abdu/Xilinx/Vivado/Vivado/2019.1/lib/lnx64.o/librdi_wavedata.so(SG_Model::ModelImp::updateData()+0x96b) [0x7fc333ed434b]
/home/abdu/Xilinx/Vivado/Vivado/2019.1/lib/lnx64.o/librdi_wavedata.so(+0x2da2e9) [0x7fc333eda2e9]
/home/abdu/Xilinx/Vivado/Vivado/2019.1/lib/lnx64.o/librdi_wavedata.so(SG_Common::Subject::sendEvent(SG_Common::Event const*) const+0x106) [0x7fc333e92c46]
/home/abdu/Xilinx/Vivado/Vivado/2019.1/lib/lnx64.o/librdi_wavedata.so(+0x2b141b) [0x7fc333eb141b]
/home/abdu/Xilinx/Vivado/Vivado/2019.1/lib/lnx64.o/librdi_wavedata.so(SG_Common::Subject::sendEvent(SG_Common::Event const*) const+0x106) [0x7fc333e92c46]
/home/abdu/Xilinx/Vivado/Vivado/2019.1/lib/lnx64.o/librdi_wavedata.so(+0x2b14d4) [0x7fc333eb14d4]
/home/abdu/Xilinx/Vivado/Vivado/2019.1/lib/lnx64.o/librdi_wavedata.so(SG_Common::Subject::sendEvent(SG_Common::Event const*) const+0x106) [0x7fc333e92c46]
/home/abdu/Xilinx/Vivado/Vivado/2019.1/lib/lnx64.o/librdi_wavedata.so(SG_Model::LiveDatabase::notifyReconnect()+0x29) [0x7fc333eca859]
/home/abdu/Xilinx/Vivado/Vivado/2019.1/lib/lnx64.o/librdi_simdata.so(RSDData::RSDLiveSimulationObject::startEngineProcess(bool, bool, bool)+0x433) [0x7fc338ed8873]
/home/abdu/Xilinx/Vivado/Vivado/2019.1/lib/lnx64.o/librdi_simtcltasks.so(+0x1ebfba) [0x7fc2505ebfba]
/home/abdu/Xilinx/Vivado/Vivado/2019.1/lib/lnx64.o/librdi_common.so(+0x8068e2) [0x7fc3720068e2]
/home/abdu/Xilinx/Vivado/Vivado/2019.1/lib/lnx64.o/libtcl8.5.so(+0x334af) [0x7fc36ac334af]
/home/abdu/Xilinx/Vivado/Vivado/2019.1/lib/lnx64.o/libtcl8.5.so(+0x76875) [0x7fc36ac76875]
/home/abdu/Xilinx/Vivado/Vivado/2019.1/lib/lnx64.o/libtcl8.5.so(+0x7e029) [0x7fc36ac7e029]
/home/abdu/Xilinx/Vivado/Vivado/2019.1/lib/lnx64.o/libtcl8.5.so(TclEvalObjEx+0x76) [0x7fc36ac35156]
/home/abdu/Xilinx/Vivado/Vivado/2019.1/lib/lnx64.o/librdi_common.so(hdi::tcltasks::task_manager::eval_in_tcl(Tcl_Interp*, Tcl_Obj*, char const*, bool)+0xab9) [0x7fc372008719]
/home/abdu/Xilinx/Vivado/Vivado/2019.1/lib/lnx64.o/librdi_common.so(hdi::tcltasks::task_manager::eval_in_tcl(Tcl_Interp*, char const*, char const*, bool)+0x12a) [0x7fc37200911a]
/home/abdu/Xilinx/Vivado/Vivado/2019.1/lib/lnx64.o/librdi_common.so(hdi::tcltasks::task_manager::eval_in_tcl_throw(Tcl_Interp*, char const*, char const*, bool)+0x10) [0x7fc372009240]
/home/abdu/Xilinx/Vivado/Vivado/2019.1/lib/lnx64.o/librdi_simtcltasks.so(+0x1e7999) [0x7fc2505e7999]
/home/abdu/Xilinx/Vivado/Vivado/2019.1/lib/lnx64.o/librdi_common.so(+0x8068e2) [0x7fc3720068e2]
/home/abdu/Xilinx/Vivado/Vivado/2019.1/lib/lnx64.o/libtcl8.5.so(+0x334af) [0x7fc36ac334af]
/home/abdu/Xilinx/Vivado/Vivado/2019.1/lib/lnx64.o/libtcl8.5.so(+0x76875) [0x7fc36ac76875]
/home/abdu/Xilinx/Vivado/Vivado/2019.1/lib/lnx64.o/libtcl8.5.so(+0x7e029) [0x7fc36ac7e029]
/home/abdu/Xilinx/Vivado/Vivado/2019.1/lib/lnx64.o/libtcl8.5.so(TclEvalObjEx+0x76) [0x7fc36ac35156]
/home/abdu/Xilinx/Vivado/Vivado/2019.1/lib/lnx64.o/librdi_common.so(+0x804df1) [0x7fc372004df1]
/home/abdu/Xilinx/Vivado/Vivado/2019.1/lib/lnx64.o/libtcl8.5.so(Tcl_ServiceEvent+0x7f) [0x7fc36aca7b0f]
/home/abdu/Xilinx/Vivado/Vivado/2019.1/lib/lnx64.o/libtcl8.5.so(Tcl_DoOneEvent+0x154) [0x7fc36aca7e44]
/home/abdu/Xilinx/Vivado/Vivado/2019.1/lib/lnx64.o/librdi_commontasks.so(+0x231625) [0x7fc365231625]
/home/abdu/Xilinx/Vivado/Vivado/2019.1/lib/lnx64.o/librdi_commontasks.so(+0x23b163) [0x7fc36523b163]
/home/abdu/Xilinx/Vivado/Vivado/2019.1/lib/lnx64.o/librdi_commontasks.so(+0x23c1fe) [0x7fc36523c1fe]
/home/abdu/Xilinx/Vivado/Vivado/2019.1/lib/lnx64.o/librdi_common.so(+0x8068e2) [0x7fc3720068e2]
/home/abdu/Xilinx/Vivado/Vivado/2019.1/lib/lnx64.o/libtcl8.5.so(+0x334af) [0x7fc36ac334af]
/home/abdu/Xilinx/Vivado/Vivado/2019.1/lib/lnx64.o/libtcl8.5.so(+0x76875) [0x7fc36ac76875]
/home/abdu/Xilinx/Vivado/Vivado/2019.1/lib/lnx64.o/libtcl8.5.so(+0x7e029) [0x7fc36ac7e029]
/home/abdu/Xilinx/Vivado/Vivado/2019.1/lib/lnx64.o/libtcl8.5.so(TclEvalObjEx+0x76) [0x7fc36ac35156]
/home/abdu/Xilinx/Vivado/Vivado/2019.1/lib/lnx64.o/librdi_commonmain.so(+0x7424) [0x7fc371407424]
/home/abdu/Xilinx/Vivado/Vivado/2019.1/lib/lnx64.o/libtcl8.5.so(Tcl_Main+0x1d0) [0x7fc36aca0210]
/home/abdu/Xilinx/Vivado/Vivado/2019.1/lib/lnx64.o/librdi_common.so(+0x84ac9b) [0x7fc37204ac9b]
/lib/x86_64-linux-gnu/libc.so.6(+0x9caa4) [0x7fc370a8aaa4]
/lib/x86_64-linux-gnu/libc.so.6(+0x129c3c) [0x7fc370b17c3c]
