INFO: [VRFC 10-2263] Analyzing Verilog file "/home/it/Downloads/Core_with_tracker/Core_with_tracker.srcs/sources_1/imports/src/soc/uncore/uart/raminfr.v" into library xil_defaultlib
INFO: [VRFC 10-311] analyzing module raminfr
INFO: [VRFC 10-2263] Analyzing Verilog file "/home/it/Downloads/Core_with_tracker/Core_with_tracker.srcs/sources_1/imports/src/soc/uncore/uart/uart_receiver.v" into library xil_defaultlib
INFO: [VRFC 10-311] analyzing module uart_receiver
INFO: [VRFC 10-2263] Analyzing Verilog file "/home/it/Downloads/Core_with_tracker/Core_with_tracker.srcs/sources_1/imports/src/soc/uncore/uart/uart_regs.v" into library xil_defaultlib
INFO: [VRFC 10-311] analyzing module uart_regs
INFO: [VRFC 10-2263] Analyzing Verilog file "/home/it/Downloads/Core_with_tracker/Core_with_tracker.srcs/sources_1/imports/src/soc/uncore/uart/uart_rfifo.v" into library xil_defaultlib
INFO: [VRFC 10-311] analyzing module uart_rfifo
INFO: [VRFC 10-2263] Analyzing Verilog file "/home/it/Downloads/Core_with_tracker/Core_with_tracker.srcs/sources_1/imports/src/soc/uncore/uart/uart_sync_flops.v" into library xil_defaultlib
INFO: [VRFC 10-311] analyzing module uart_sync_flops
INFO: [VRFC 10-2263] Analyzing Verilog file "/home/it/Downloads/Core_with_tracker/Core_with_tracker.srcs/sources_1/imports/src/soc/uncore/uart/uart_tfifo.v" into library xil_defaultlib
INFO: [VRFC 10-311] analyzing module uart_tfifo
INFO: [VRFC 10-2263] Analyzing Verilog file "/home/it/Downloads/Core_with_tracker/Core_with_tracker.srcs/sources_1/imports/src/soc/uncore/uart/uart_top.v" into library xil_defaultlib
INFO: [VRFC 10-311] analyzing module uart_top
INFO: [VRFC 10-2263] Analyzing Verilog file "/home/it/Downloads/Core_with_tracker/Core_with_tracker.srcs/sources_1/imports/src/soc/uncore/uart/uart_transmitter.v" into library xil_defaultlib
INFO: [VRFC 10-311] analyzing module uart_transmitter
INFO: [VRFC 10-2263] Analyzing Verilog file "/home/it/Downloads/Core_with_tracker/Core_with_tracker.srcs/sources_1/imports/src/soc/uncore/uart/uart_wb.v" into library xil_defaultlib
INFO: [VRFC 10-311] analyzing module uart_wb
INFO: [VRFC 10-2263] Analyzing Verilog file "/home/it/Downloads/Core_with_tracker/Core_with_tracker.srcs/sources_1/imports/src/soc/WishboneInterconnect/wb_intercon_1.2.2-r1/wb_mux.v" into library xil_defaultlib
INFO: [VRFC 10-311] analyzing module wb_mux
INFO: [VRFC 10-2263] Analyzing SystemVerilog file "/home/it/Downloads/Core_with_tracker/Core_with_tracker.srcs/sources_1/imports/core/lib.sv" into library xil_defaultlib
INFO: [VRFC 10-311] analyzing module n_bit_dec
INFO: [VRFC 10-311] analyzing module n_bit_dec_with_en
INFO: [VRFC 10-311] analyzing module mux4x1
INFO: [VRFC 10-311] analyzing module mux2x1
INFO: [VRFC 10-311] analyzing module mux3x1
INFO: [VRFC 10-311] analyzing module one_hot_mux4x1
INFO: [VRFC 10-311] analyzing module one_hot_mux2x1
INFO: [VRFC 10-311] analyzing module one_hot_mux3x1
INFO: [VRFC 10-311] analyzing module n_bit_reg
INFO: [VRFC 10-311] analyzing module n_bit_reg_wclr
INFO: [VRFC 10-2263] Analyzing SystemVerilog file "/home/it/Downloads/Core_with_tracker/Core_with_tracker.srcs/sources_1/imports/core/green_team/fadd_sub_modules/FP_add_sub_top.sv" into library xil_defaultlib
INFO: [VRFC 10-311] analyzing module FP_add_sub
INFO: [VRFC 10-2263] Analyzing SystemVerilog file "/home/it/Downloads/Core_with_tracker/Core_with_tracker.srcs/sources_1/imports/core/green_team/raw_waw_units/FP_busy_registers.sv" into library xil_defaultlib
INFO: [VRFC 10-311] analyzing module FP_busy_registers
INFO: [VRFC 10-2263] Analyzing SystemVerilog file "/home/it/Downloads/Core_with_tracker/Core_with_tracker.srcs/sources_1/imports/core/green_team/fpu_units/fcvt/FP_converter.sv" into library xil_defaultlib
INFO: [VRFC 10-311] analyzing module FP_converter
INFO: [VRFC 10-2263] Analyzing SystemVerilog file "/home/it/Downloads/Core_with_tracker/Core_with_tracker.srcs/sources_1/imports/core/red_team/FP_units/FP_final_multiplier.sv" into library xil_defaultlib
INFO: [VRFC 10-311] analyzing module FP_final_Multiplier
INFO: [VRFC 10-2263] Analyzing SystemVerilog file "/home/it/Downloads/Core_with_tracker/Core_with_tracker.srcs/sources_1/imports/core/red_team/priority_units/P_Decoder.sv" into library xil_defaultlib
INFO: [VRFC 10-311] analyzing module P_Decoder
INFO: [VRFC 10-2263] Analyzing SystemVerilog file "/home/it/Downloads/Core_with_tracker/Core_with_tracker.srcs/sources_1/imports/core/red_team/FP_units/R4_unit.sv" into library xil_defaultlib
INFO: [VRFC 10-311] analyzing module R4_Unit
INFO: [VRFC 10-2263] Analyzing SystemVerilog file "/home/it/Downloads/Core_with_tracker/Core_with_tracker.srcs/sources_1/imports/core/green_team/block_sqrt/Register.sv" into library xil_defaultlib
INFO: [VRFC 10-311] analyzing module Register
INFO: [VRFC 10-2263] Analyzing SystemVerilog file "/home/it/Downloads/Core_with_tracker/Core_with_tracker.srcs/sources_1/imports/core/green_team/fadd_sub_modules/add_sub_FP.sv" into library xil_defaultlib
INFO: [VRFC 10-311] analyzing module add_sub_FP
INFO: [VRFC 10-2263] Analyzing SystemVerilog file "/home/it/Downloads/Core_with_tracker/Core_with_tracker.srcs/sources_1/imports/core/alignment_units.sv" into library xil_defaultlib
INFO: [VRFC 10-311] analyzing module store_aligner
INFO: [VRFC 10-311] analyzing module load_aligner
INFO: [VRFC 10-2263] Analyzing SystemVerilog file "/home/it/Downloads/Core_with_tracker/Core_with_tracker.srcs/sources_1/imports/core/alu.sv" into library xil_defaultlib
INFO: [VRFC 10-311] analyzing module alu
INFO: [VRFC 10-311] analyzing module n_bit_add_sub
INFO: [VRFC 10-2263] Analyzing SystemVerilog file "/home/it/Downloads/Core_with_tracker/Core_with_tracker.srcs/sources_1/imports/core/alu_control.sv" into library xil_defaultlib
INFO: [VRFC 10-311] analyzing module alu_control
INFO: [VRFC 10-2263] Analyzing SystemVerilog file "/home/it/Downloads/Core_with_tracker/Core_with_tracker.srcs/sources_1/imports/src/soc/uncore/gpio/bidirec.sv" into library xil_defaultlib
INFO: [VRFC 10-311] analyzing module bidirec
INFO: [VRFC 10-2263] Analyzing SystemVerilog file "/home/it/Downloads/Core_with_tracker/Core_with_tracker.srcs/sources_1/imports/core/branch_controller.sv" into library xil_defaultlib
INFO: [VRFC 10-311] analyzing module branch_controller
INFO: [VRFC 10-2263] Analyzing SystemVerilog file "/home/it/Downloads/Core_with_tracker/Core_with_tracker.srcs/sources_1/imports/core/green_team/raw_waw_units/busy_registers.sv" into library xil_defaultlib
INFO: [VRFC 10-311] analyzing module d_flip_flop_wclr
INFO: [VRFC 10-311] analyzing module n_bits_decoder
INFO: [VRFC 10-311] analyzing module busy_registers
INFO: [VRFC 10-2263] Analyzing SystemVerilog file "/home/it/Downloads/Core_with_tracker/Core_with_tracker.srcs/sources_1/imports/core/green_team/raw_waw_units/clear_units_decoder.sv" into library xil_defaultlib
INFO: [VRFC 10-311] analyzing module clear_units_decoder
INFO: [VRFC 10-2263] Analyzing SystemVerilog file "/home/it/Downloads/Core_with_tracker/Core_with_tracker.srcs/sources_1/imports/core/control_unit.sv" into library xil_defaultlib
INFO: [VRFC 10-311] analyzing module control_unit
INFO: [VRFC 10-2263] Analyzing SystemVerilog file "/home/it/Downloads/Core_with_tracker/Core_with_tracker.srcs/sources_1/imports/core/data_mem.sv" into library xil_defaultlib
INFO: [VRFC 10-311] analyzing module data_mem
INFO: [VRFC 10-2263] Analyzing SystemVerilog file "/home/it/Downloads/Core_with_tracker/Core_with_tracker.srcs/sources_1/imports/core/data_path.sv" into library xil_defaultlib
INFO: [VRFC 10-311] analyzing module data_path
INFO: [VRFC 10-2263] Analyzing SystemVerilog file "/home/it/Downloads/Core_with_tracker/Core_with_tracker.srcs/sources_1/imports/core/green_team/fadd_sub_modules/extract_align_FP.sv" into library xil_defaultlib
INFO: [VRFC 10-311] analyzing module extract_align_FP
INFO: [VRFC 10-2263] Analyzing SystemVerilog file "/home/it/Downloads/Core_with_tracker/Core_with_tracker.srcs/sources_1/imports/core/red_team/FP_units/fdiv.sv" into library xil_defaultlib
INFO: [VRFC 10-311] analyzing module fdiv
INFO: [VRFC 10-2263] Analyzing SystemVerilog file "/home/it/Downloads/Core_with_tracker/Core_with_tracker.srcs/sources_1/imports/core/green_team/fpu_units/fcvt/float2int.sv" into library xil_defaultlib
INFO: [VRFC 10-311] analyzing module float2int
INFO: [VRFC 10-2263] Analyzing SystemVerilog file "/home/it/Downloads/Core_with_tracker/Core_with_tracker.srcs/sources_1/imports/core/green_team/fpu_units/fcvt/float2ints.sv" into library xil_defaultlib
INFO: [VRFC 10-311] analyzing module float2ints
INFO: [VRFC 10-2263] Analyzing SystemVerilog file "/home/it/Downloads/Core_with_tracker/Core_with_tracker.srcs/sources_1/imports/core/forwarding_unit.sv" into library xil_defaultlib
INFO: [VRFC 10-311] analyzing module forwarding_unit
INFO: [VRFC 10-2263] Analyzing SystemVerilog file "/home/it/Downloads/Core_with_tracker/Core_with_tracker.srcs/sources_1/imports/core/green_team/block_sqrt/fp_sqrt_Multicycle.sv" into library xil_defaultlib
INFO: [VRFC 10-311] analyzing module fp_sqrt_Multicycle
INFO: [VRFC 10-2263] Analyzing SystemVerilog file "/home/it/Downloads/Core_with_tracker/Core_with_tracker.srcs/sources_1/imports/core/green_team/fpu_units/fpu.sv" into library xil_defaultlib
INFO: [VRFC 10-311] analyzing module fpu
INFO: [VRFC 10-2263] Analyzing SystemVerilog file "/home/it/Downloads/Core_with_tracker/Core_with_tracker.srcs/sources_1/imports/src/soc/uncore/gpio/gpio_top.sv" into library xil_defaultlib
INFO: [VRFC 10-311] analyzing module gpio_top
INFO: [VRFC 10-2263] Analyzing SystemVerilog file "/home/it/Downloads/Core_with_tracker/Core_with_tracker.srcs/sources_1/imports/core/hazard_controller.sv" into library xil_defaultlib
INFO: [VRFC 10-311] analyzing module hazard_handler
INFO: [VRFC 10-2263] Analyzing SystemVerilog file "/home/it/Downloads/Core_with_tracker/Core_with_tracker.srcs/sources_1/imports/core/imm_gen.sv" into library xil_defaultlib
INFO: [VRFC 10-311] analyzing module imm_gen
INFO: [VRFC 10-2263] Analyzing SystemVerilog file "/home/it/Downloads/Core_with_tracker/Core_with_tracker.srcs/sources_1/imports/core/green_team/fpu_units/fcvt/int2float.sv" into library xil_defaultlib
INFO: [VRFC 10-311] analyzing module int2float
INFO: [VRFC 10-2263] Analyzing SystemVerilog file "/home/it/Downloads/Core_with_tracker/Core_with_tracker.srcs/sources_1/imports/core/green_team/fpu_units/fcvt/int2floats.sv" into library xil_defaultlib
INFO: [VRFC 10-311] analyzing module int2floats
INFO: [VRFC 10-2263] Analyzing SystemVerilog file "/home/it/Downloads/Core_with_tracker/Core_with_tracker.srcs/sources_1/imports/core/red_team/int_units/int_div_rem.sv" into library xil_defaultlib
INFO: [VRFC 10-311] analyzing module int_div_rem
INFO: [VRFC 10-2263] Analyzing SystemVerilog file "/home/it/Downloads/Core_with_tracker/Core_with_tracker.srcs/sources_1/imports/new/int_mul.sv" into library xil_defaultlib
INFO: [VRFC 10-311] analyzing module int_mul
INFO: [VRFC 10-2263] Analyzing SystemVerilog file "/home/it/Downloads/Core_with_tracker/Core_with_tracker.srcs/sources_1/imports/core/main_control.sv" into library xil_defaultlib
INFO: [VRFC 10-311] analyzing module decode_control
INFO: [VRFC 10-2263] Analyzing SystemVerilog file "/home/it/Downloads/Core_with_tracker/Core_with_tracker.srcs/sources_1/imports/project_approved/n_bit_delayer.sv" into library xil_defaultlib
INFO: [VRFC 10-311] analyzing module n_bit_delayer
INFO: [VRFC 10-311] analyzing module n_bit_delayer_pipeline_signals
INFO: [VRFC 10-2263] Analyzing SystemVerilog file "/home/it/Downloads/Core_with_tracker/Core_with_tracker.srcs/sources_1/imports/core/green_team/fadd_sub_modules/normalize_FP.sv" into library xil_defaultlib
INFO: [VRFC 10-311] analyzing module normalize_FP
INFO: [VRFC 10-2263] Analyzing SystemVerilog file "/home/it/Downloads/Core_with_tracker/Core_with_tracker.srcs/sources_1/imports/core/pipeline_controller.sv" into library xil_defaultlib
INFO: [VRFC 10-311] analyzing module pipeline_controller
INFO: [VRFC 10-2263] Analyzing SystemVerilog file "/home/it/Downloads/Core_with_tracker/Core_with_tracker.srcs/sources_1/imports/core/red_team/priority_units/priority_controller.sv" into library xil_defaultlib
INFO: [VRFC 10-311] analyzing module priority_controller
INFO: [VRFC 10-2263] Analyzing SystemVerilog file "/home/it/Downloads/Core_with_tracker/Core_with_tracker.srcs/sources_1/imports/core/red_team/priority_units/priority_mux.sv" into library xil_defaultlib
INFO: [VRFC 10-311] analyzing module priority_mux
INFO: [VRFC 10-2263] Analyzing SystemVerilog file "/home/it/Downloads/Core_with_tracker/Core_with_tracker.srcs/sources_1/imports/core/program_counter.sv" into library xil_defaultlib
INFO: [VRFC 10-311] analyzing module program_counter
INFO: [VRFC 10-2263] Analyzing SystemVerilog file "/home/it/Downloads/Core_with_tracker/Core_with_tracker.srcs/sources_1/imports/core/reg_file.sv" into library xil_defaultlib
INFO: [VRFC 10-311] analyzing module reg_file
INFO: [VRFC 10-2263] Analyzing SystemVerilog file "/home/it/Downloads/Core_with_tracker/Core_with_tracker.srcs/sources_1/imports/core/rom.sv" into library xil_defaultlib
INFO: [VRFC 10-311] analyzing module rom
INFO: [VRFC 10-2263] Analyzing SystemVerilog file "/home/it/Downloads/Core_with_tracker/Core_with_tracker.srcs/sources_1/imports/core/green_team/fadd_sub_modules/round_FP.sv" into library xil_defaultlib
INFO: [VRFC 10-311] analyzing module round_FP
INFO: [VRFC 10-2263] Analyzing SystemVerilog file "/home/it/Downloads/Core_with_tracker/Core_with_tracker.srcs/sources_1/imports/src/soc/rv32i_soc.sv" into library xil_defaultlib
INFO: [VRFC 10-311] analyzing module rv32i_soc
INFO: [VRFC 10-2263] Analyzing SystemVerilog file "/home/it/Downloads/Core_with_tracker/Core_with_tracker.srcs/sources_1/imports/core/rv32i_top.sv" into library xil_defaultlib
INFO: [VRFC 10-311] analyzing module rv32i
INFO: [VRFC 10-2263] Analyzing SystemVerilog file "/home/it/Downloads/Core_with_tracker/Core_with_tracker.srcs/sources_1/imports/Downloads/rvfi_tracker.sv" into library xil_defaultlib
INFO: [VRFC 10-311] analyzing module rvfi_tracker
INFO: [VRFC 10-2263] Analyzing SystemVerilog file "/home/it/Downloads/Core_with_tracker/Core_with_tracker.srcs/sources_1/imports/core/green_team/raw_waw_units/value_capture.sv" into library xil_defaultlib
INFO: [VRFC 10-311] analyzing module value_capture
INFO: [VRFC 10-2263] Analyzing SystemVerilog file "/home/it/Downloads/Core_with_tracker/Core_with_tracker.srcs/sources_1/imports/src/soc/WishboneInterconnect/wb_intercon.sv" into library xil_defaultlib
INFO: [VRFC 10-311] analyzing module wb_intercon
INFO: [VRFC 10-2263] Analyzing SystemVerilog file "/home/it/Downloads/Core_with_tracker/Core_with_tracker.srcs/sources_1/imports/src/soc/WishboneInterconnect/wishbone_controller.sv" into library xil_defaultlib
INFO: [VRFC 10-311] analyzing module wishbone_controller
INFO: [VRFC 10-2263] Analyzing SystemVerilog file "/home/it/Downloads/Core_with_tracker/Core_with_tracker.srcs/sim_1/imports/tapeout_project_w1_done/tapeout_project_w1_done.srcs/sources_1/imports/src/tb/rv32i_soc_tb.sv" into library xil_defaultlib
INFO: [VRFC 10-311] analyzing module rv32i_soc_tb
INFO: [VRFC 10-2263] Analyzing Verilog file "/home/it/Downloads/Core_with_tracker/Core_with_tracker.sim/sim_1/behav/xsim/glbl.v" into library xil_defaultlib
INFO: [VRFC 10-311] analyzing module glbl
